Unity Editor version:    2021.2.5f1 (4ec9a5e799f5)
Branch:                  2021.2/staging
Build type:              Release
Batch mode:              YES
macOS version:           Version 11.6.1 (Build 20G224)
Darwin version:          20.6.0
Architecture:            x86_64
Running under Rosetta:   NO
Available memory:        8192 MB
Using pre-set license
Pro License: NO

COMMAND LINE ARGUMENTS:
/Applications/2021.2.5f1/Unity.app/Contents/MacOS/Unity
-adb2
-batchMode
-noUpm
-name
AssetImportWorker0
-projectPath
/Users/yevheniihaletynko/Desktop/Pacman2/Pacman
-logFile
Logs/AssetImportWorker0.log
-srvPort
51444
Successfully changed project path to: /Users/yevheniihaletynko/Desktop/Pacman2/Pacman
/Users/yevheniihaletynko/Desktop/Pacman2/Pacman
[UnityMemory] Configuration Parameters - Can be set up in boot.config
    "memorysetup-bucket-allocator-granularity=16"
    "memorysetup-bucket-allocator-bucket-count=8"
    "memorysetup-bucket-allocator-block-size=33554432"
    "memorysetup-bucket-allocator-block-count=8"
    "memorysetup-main-allocator-block-size=16777216"
    "memorysetup-thread-allocator-block-size=16777216"
    "memorysetup-gfx-main-allocator-block-size=16777216"
    "memorysetup-gfx-thread-allocator-block-size=16777216"
    "memorysetup-cache-allocator-block-size=4194304"
    "memorysetup-typetree-allocator-block-size=2097152"
    "memorysetup-profiler-bucket-allocator-granularity=16"
    "memorysetup-profiler-bucket-allocator-bucket-count=8"
    "memorysetup-profiler-bucket-allocator-block-size=33554432"
    "memorysetup-profiler-bucket-allocator-block-count=8"
    "memorysetup-profiler-allocator-block-size=16777216"
    "memorysetup-profiler-editor-allocator-block-size=1048576"
    "memorysetup-temp-allocator-size-main=16777216"
    "memorysetup-job-temp-allocator-block-size=2097152"
    "memorysetup-job-temp-allocator-block-size-background=1048576"
    "memorysetup-job-temp-allocator-reduction-small-platforms=262144"
    "memorysetup-temp-allocator-size-background-worker=32768"
    "memorysetup-temp-allocator-size-job-worker=262144"
    "memorysetup-temp-allocator-size-preload-manager=33554432"
    "memorysetup-temp-allocator-size-nav-mesh-worker=65536"
    "memorysetup-temp-allocator-size-audio-worker=65536"
    "memorysetup-temp-allocator-size-cloud-worker=32768"
    "memorysetup-temp-allocator-size-gi-baking-worker=262144"
    "memorysetup-temp-allocator-size-gfx=262144"
Refreshing native plugins compatible for Editor in 111.81 ms, found 3 plugins.
Preloading 0 native plugins for Editor in 0.00 ms.
Initialize engine version: 2021.2.5f1 (4ec9a5e799f5)
[Subsystems] Discovering subsystems at path /Applications/2021.2.5f1/Unity.app/Contents/Resources/UnitySubsystems
[Subsystems] Discovering subsystems at path /Users/yevheniihaletynko/Desktop/Pacman2/Pacman/Assets
GfxDevice: creating device client; threaded=0; jobified=0
Color LCD preferred device: Intel(R) Iris(TM) Plus Graphics 645 (low power)
Metal devices available: 1
0: Intel(R) Iris(TM) Plus Graphics 645 (low power)
Using device Intel(R) Iris(TM) Plus Graphics 645 (low power)
Initializing Metal device caps: Intel(R) Iris(TM) Plus Graphics 645
Initialize mono
Mono path[0] = '/Applications/2021.2.5f1/Unity.app/Contents/Managed'
Mono path[1] = '/Applications/2021.2.5f1/Unity.app/Contents/MonoBleedingEdge/lib/mono/unityjit-macos'
Mono config path = '/Applications/2021.2.5f1/Unity.app/Contents/MonoBleedingEdge/etc'
Using monoOptions --debugger-agent=transport=dt_socket,embedding=1,server=y,suspend=n,address=127.0.0.1:56682
Begin MonoManager ReloadAssembly
Registering precompiled unity dll's ...
Register platform support module: /Applications/2021.2.5f1/Unity.app/Contents/PlaybackEngines/MacStandaloneSupport/UnityEditor.OSXStandalone.Extensions.dll
Registered in 0.002129 seconds.
Native extension for OSXStandalone target not found
Refreshing native plugins compatible for Editor in 105.23 ms, found 3 plugins.
Preloading 0 native plugins for Editor in 0.00 ms.
Mono: successfully reloaded assembly
- Completed reload, in  0.917 seconds
Domain Reload Profiling:
	ReloadAssembly (918ms)
		BeginReloadAssembly (139ms)
			ExecutionOrderSort (0ms)
			DisableScriptedObjects (0ms)
			BackupInstance (0ms)
			ReleaseScriptingObjects (0ms)
			CreateAndSetChildDomain (1ms)
		EndReloadAssembly (671ms)
			LoadAssemblies (139ms)
			RebuildTransferFunctionScriptingTraits (0ms)
			SetupTypeCache (168ms)
			ReleaseScriptCaches (0ms)
			RebuildScriptCaches (46ms)
			SetupLoadedEditorAssemblies (390ms)
				LogAssemblyErrors (0ms)
				InitializePlatformSupportModulesInManaged (19ms)
				SetLoadedEditorAssemblies (1ms)
				RefreshPlugins (105ms)
				BeforeProcessingInitializeOnLoad (1ms)
				ProcessInitializeOnLoadAttributes (207ms)
				ProcessInitializeOnLoadMethodAttributes (57ms)
				AfterProcessingInitializeOnLoad (0ms)
				EditorAssembliesLoaded (0ms)
			ExecutionOrderSort2 (0ms)
			AwakeInstancesAfterBackupRestoration (0ms)
Platform modules already initialized, skipping
Registering precompiled user dll's ...
Registered in 0.003596 seconds.
Begin MonoManager ReloadAssembly
Symbol file LoadedFromMemory doesn't match image /Users/yevheniihaletynko/Desktop/Pacman2/Pacman/Library/PackageCache/com.unity.visualscripting@1.7.5/Editor/VisualScripting.Core/Dependencies/YamlDotNet/Unity.VisualScripting.YamlDotNet.dll
Symbol file LoadedFromMemory doesn't match image /Users/yevheniihaletynko/Desktop/Pacman2/Pacman/Library/PackageCache/com.unity.visualscripting@1.7.5/Editor/VisualScripting.Core/Dependencies/DotNetZip/Unity.VisualScripting.IonicZip.dll
Native extension for OSXStandalone target not found
Refreshing native plugins compatible for Editor in 109.24 ms, found 3 plugins.
Preloading 0 native plugins for Editor in 0.00 ms.
Mono: successfully reloaded assembly
- Completed reload, in  3.646 seconds
Domain Reload Profiling:
	ReloadAssembly (3647ms)
		BeginReloadAssembly (220ms)
			ExecutionOrderSort (0ms)
			DisableScriptedObjects (8ms)
			BackupInstance (0ms)
			ReleaseScriptingObjects (0ms)
			CreateAndSetChildDomain (35ms)
		EndReloadAssembly (3294ms)
			LoadAssemblies (82ms)
			RebuildTransferFunctionScriptingTraits (0ms)
			SetupTypeCache (373ms)
			ReleaseScriptCaches (1ms)
			RebuildScriptCaches (78ms)
			SetupLoadedEditorAssemblies (2571ms)
				LogAssemblyErrors (0ms)
				InitializePlatformSupportModulesInManaged (12ms)
				SetLoadedEditorAssemblies (0ms)
				RefreshPlugins (109ms)
				BeforeProcessingInitializeOnLoad (100ms)
				ProcessInitializeOnLoadAttributes (2303ms)
				ProcessInitializeOnLoadMethodAttributes (45ms)
				AfterProcessingInitializeOnLoad (2ms)
				EditorAssembliesLoaded (0ms)
			ExecutionOrderSort2 (0ms)
			AwakeInstancesAfterBackupRestoration (5ms)
Platform modules already initialized, skipping
========================================================================
Worker process is ready to serve import requests
Launching external process: /Applications/2021.2.5f1/Unity.app/Contents/Tools/UnityShaderCompiler
Launched and connected shader compiler UnityShaderCompiler after 0.02 seconds
Refreshing native plugins compatible for Editor in 0.95 ms, found 3 plugins.
Preloading 0 native plugins for Editor in 0.00 ms.
Unloading 3898 Unused Serialized files (Serialized files now loaded: 0)
Unloading 43 unused Assets / (198.3 KB). Loaded Objects now: 4348.
Memory consumption went from 265.4 MB to 265.2 MB.
Total: 4.473091 ms (FindLiveObjects: 0.468137 ms CreateObjectMapping: 0.283531 ms MarkObjects: 3.509610 ms  DeleteObjects: 0.210872 ms)

AssetImportParameters requested are different than current active one (requested -> active):
  custom:video-decoder-ogg-theora: a1e56fd34408186e4bbccfd4996cb3dc -> 
  custom:container-muxer-webm: aa71ff27fc2769a1b78a27578f13a17b -> 
  custom:container-demuxer-webm: 4f35f7cbe854078d1ac9338744f61a02 -> 
  custom:video-encoder-webm-vp8: eb34c28f22e8b96e1ab97ce403110664 -> 
  custom:framework-osx-AVFoundation: e770b220cccbd017edd2c1fefb359320 -> 
  custom:audio-encoder-webm-vorbis: bf7c407c2cedff20999df2af8eb42d56 -> 
  custom:container-demuxer-ogg: 62fdf1f143b41e24485cea50d1cbac27 -> 
  custom:video-decoder-webm-vp8: 9c59270c3fd7afecdb556c50c9e8de78 -> 
  custom:audio-decoder-ogg-vorbis: bf7c407c2cedff20999df2af8eb42d56 -> 
========================================================================
Received Import Request.
  Time since last request: 378463.159958 seconds.
  path: Assets/Animation/BlueGhosts.anim
  artifactKey: Guid(ed0afd514642245c2b2e52730ad832c5) Importer(815301076,1909f56bfc062723c751e8b465ee728b)
Start importing Assets/Animation/BlueGhosts.anim using Guid(ed0afd514642245c2b2e52730ad832c5) Importer(815301076,1909f56bfc062723c751e8b465ee728b)  -> (artifact id: 'a9f46a231d19d8c88dd4cb2d87c3f8c5') in 0.879199 seconds 
========================================================================
Received Import Request.
  Time since last request: 5.194708 seconds.
  path: Assets/Animation/Ghost_Base.controller
  artifactKey: Guid(427090fb4e855420bb6edccbbe1b662b) Importer(815301076,1909f56bfc062723c751e8b465ee728b)
Start importing Assets/Animation/Ghost_Base.controller using Guid(427090fb4e855420bb6edccbbe1b662b) Importer(815301076,1909f56bfc062723c751e8b465ee728b)  -> (artifact id: '7bdd972b0ec627590bb9ea50bc9f1587') in 0.342067 seconds 
========================================================================
Received Import Request.
  Time since last request: 0.190263 seconds.
  path: Assets/Animation/Pacman.controller
  artifactKey: Guid(e6103b586815642e18500ac8056aef8a) Importer(815301076,1909f56bfc062723c751e8b465ee728b)
Start importing Assets/Animation/Pacman.controller using Guid(e6103b586815642e18500ac8056aef8a) Importer(815301076,1909f56bfc062723c751e8b465ee728b)  -> (artifact id: 'c801b1eb154e25153a752e7afa4a5529') in 0.009008 seconds 
========================================================================
Received Import Request.
  Time since last request: 0.988955 seconds.
  path: Assets/Animation/WhiteGhosts.anim
  artifactKey: Guid(3392973b91f524960bf7e065046d076f) Importer(815301076,1909f56bfc062723c751e8b465ee728b)
Start importing Assets/Animation/WhiteGhosts.anim using Guid(3392973b91f524960bf7e065046d076f) Importer(815301076,1909f56bfc062723c751e8b465ee728b)  -> (artifact id: '7f4361f287fd8655d4930dacee361468') in 0.002682 seconds 
========================================================================
Received Import Request.
  Time since last request: 31.478180 seconds.
  path: Assets/Tiles/Node_Tile.asset
  artifactKey: Guid(4e851ab25feeb4f8eb594479ea2937d2) Importer(815301076,1909f56bfc062723c751e8b465ee728b)
Start importing Assets/Tiles/Node_Tile.asset using Guid(4e851ab25feeb4f8eb594479ea2937d2) Importer(815301076,1909f56bfc062723c751e8b465ee728b)  -> (artifact id: 'd85e484bb7f9d23d70bd29a3065313d9') in 0.203784 seconds 
========================================================================
Received Import Request.
  Time since last request: 3.756845 seconds.
  path: Assets/Prefabs/Ghost_Base.prefab
  artifactKey: Guid(9d718202a33704edcb58a1decf06805c) Importer(815301076,1909f56bfc062723c751e8b465ee728b)
Start importing Assets/Prefabs/Ghost_Base.prefab using Guid(9d718202a33704edcb58a1decf06805c) Importer(815301076,1909f56bfc062723c751e8b465ee728b)  -> (artifact id: 'fe7c87f776d19004ce805fe5b95c30cb') in 0.299024 seconds 
========================================================================
Received Import Request.
  Time since last request: 40.953288 seconds.
  path: Assets/Prefabs/Ghost_Base.prefab
  artifactKey: Guid(9d718202a33704edcb58a1decf06805c) Importer(815301076,1909f56bfc062723c751e8b465ee728b)
Start importing Assets/Prefabs/Ghost_Base.prefab using Guid(9d718202a33704edcb58a1decf06805c) Importer(815301076,1909f56bfc062723c751e8b465ee728b)  -> (artifact id: '11e27d20c4ec2170b9b3bdf86a19440b') in 0.017655 seconds 
========================================================================
Received Import Request.
  Time since last request: 0.000118 seconds.
  path: Assets/Prefabs/Ghost_Clide Variant.prefab
  artifactKey: Guid(3a2140c53a96d4d56a9c3898bf6e31b2) Importer(815301076,1909f56bfc062723c751e8b465ee728b)
Start importing Assets/Prefabs/Ghost_Clide Variant.prefab using Guid(3a2140c53a96d4d56a9c3898bf6e31b2) Importer(815301076,1909f56bfc062723c751e8b465ee728b)  -> (artifact id: 'acca8a23f9bfe417792a4fe6c3301f3d') in 0.030640 seconds 
========================================================================
Received Import Request.
  Time since last request: 0.000131 seconds.
  path: Assets/Prefabs/Ghost_Inky Variant.prefab
  artifactKey: Guid(d98a0724d105d424683c026f938e6d1e) Importer(815301076,1909f56bfc062723c751e8b465ee728b)
Start importing Assets/Prefabs/Ghost_Inky Variant.prefab using Guid(d98a0724d105d424683c026f938e6d1e) Importer(815301076,1909f56bfc062723c751e8b465ee728b)  -> (artifact id: '412efff0c43cb86bc75cb37a1e99f1e3') in 0.014893 seconds 
========================================================================
Received Prepare
Registering precompiled user dll's ...
Registered in 0.003247 seconds.
Begin MonoManager ReloadAssembly
Symbol file LoadedFromMemory doesn't match image /Users/yevheniihaletynko/Desktop/Pacman2/Pacman/Library/PackageCache/com.unity.visualscripting@1.7.5/Editor/VisualScripting.Core/Dependencies/YamlDotNet/Unity.VisualScripting.YamlDotNet.dll
Symbol file LoadedFromMemory doesn't match image /Users/yevheniihaletynko/Desktop/Pacman2/Pacman/Library/PackageCache/com.unity.visualscripting@1.7.5/Editor/VisualScripting.Core/Dependencies/DotNetZip/Unity.VisualScripting.IonicZip.dll
Native extension for OSXStandalone target not found
Refreshing native plugins compatible for Editor in 0.84 ms, found 3 plugins.
Preloading 0 native plugins for Editor in 0.00 ms.
Mono: successfully reloaded assembly
- Completed reload, in  1.477 seconds
Domain Reload Profiling:
	ReloadAssembly (1477ms)
		BeginReloadAssembly (181ms)
			ExecutionOrderSort (0ms)
			DisableScriptedObjects (8ms)
			BackupInstance (0ms)
			ReleaseScriptingObjects (0ms)
			CreateAndSetChildDomain (80ms)
		EndReloadAssembly (1172ms)
			LoadAssemblies (82ms)
			RebuildTransferFunctionScriptingTraits (0ms)
			SetupTypeCache (343ms)
			ReleaseScriptCaches (1ms)
			RebuildScriptCaches (63ms)
			SetupLoadedEditorAssemblies (521ms)
				LogAssemblyErrors (0ms)
				InitializePlatformSupportModulesInManaged (10ms)
				SetLoadedEditorAssemblies (1ms)
				RefreshPlugins (1ms)
				BeforeProcessingInitializeOnLoad (71ms)
				ProcessInitializeOnLoadAttributes (394ms)
				ProcessInitializeOnLoadMethodAttributes (41ms)
				AfterProcessingInitializeOnLoad (2ms)
				EditorAssembliesLoaded (0ms)
			ExecutionOrderSort2 (0ms)
			AwakeInstancesAfterBackupRestoration (9ms)
Platform modules already initialized, skipping
Refreshing native plugins compatible for Editor in 0.88 ms, found 3 plugins.
Preloading 0 native plugins for Editor in 0.00 ms.
Unloading 3899 Unused Serialized files (Serialized files now loaded: 0)
Unloading 32 unused Assets / (174.5 KB). Loaded Objects now: 4364.
Memory consumption went from 289.1 MB to 288.9 MB.
Total: 4.744171 ms (FindLiveObjects: 0.435100 ms CreateObjectMapping: 0.479437 ms MarkObjects: 3.647079 ms  DeleteObjects: 0.181201 ms)

AssetImportParameters requested are different than current active one (requested -> active):
  custom:video-decoder-ogg-theora: a1e56fd34408186e4bbccfd4996cb3dc -> 
  custom:container-muxer-webm: aa71ff27fc2769a1b78a27578f13a17b -> 
  custom:container-demuxer-webm: 4f35f7cbe854078d1ac9338744f61a02 -> 
  custom:video-encoder-webm-vp8: eb34c28f22e8b96e1ab97ce403110664 -> 
  custom:framework-osx-AVFoundation: e770b220cccbd017edd2c1fefb359320 -> 
  custom:audio-encoder-webm-vorbis: bf7c407c2cedff20999df2af8eb42d56 -> 
  custom:container-demuxer-ogg: 62fdf1f143b41e24485cea50d1cbac27 -> 
  custom:video-decoder-webm-vp8: 9c59270c3fd7afecdb556c50c9e8de78 -> 
  custom:audio-decoder-ogg-vorbis: bf7c407c2cedff20999df2af8eb42d56 -> 
========================================================================
Received Import Request.
  Time since last request: 102.254074 seconds.
  path: Assets/Prefabs/Pellet.prefab
  artifactKey: Guid(c0e2928e75cd74ab080ed80a175c5104) Importer(815301076,1909f56bfc062723c751e8b465ee728b)
Start importing Assets/Prefabs/Pellet.prefab using Guid(c0e2928e75cd74ab080ed80a175c5104) Importer(815301076,1909f56bfc062723c751e8b465ee728b)  -> (artifact id: 'cfcfe44576157011c24fee975af5e266') in 0.082874 seconds 
========================================================================
Received Import Request.
  Time since last request: 15.003856 seconds.
  path: Assets/Prefabs/Ghost_Base.prefab
  artifactKey: Guid(9d718202a33704edcb58a1decf06805c) Importer(815301076,1909f56bfc062723c751e8b465ee728b)
Start importing Assets/Prefabs/Ghost_Base.prefab using Guid(9d718202a33704edcb58a1decf06805c) Importer(815301076,1909f56bfc062723c751e8b465ee728b)  -> (artifact id: '0e68fb6363fc84295505f89f889501d3') in 0.033554 seconds 
========================================================================
Received Import Request.
  Time since last request: 0.000274 seconds.
  path: Assets/Prefabs/Ghost_Clide Variant.prefab
  artifactKey: Guid(3a2140c53a96d4d56a9c3898bf6e31b2) Importer(815301076,1909f56bfc062723c751e8b465ee728b)
Start importing Assets/Prefabs/Ghost_Clide Variant.prefab using Guid(3a2140c53a96d4d56a9c3898bf6e31b2) Importer(815301076,1909f56bfc062723c751e8b465ee728b)  -> (artifact id: '8de014e4ac7053f19f88f73e5ca59131') in 0.017746 seconds 
========================================================================
Received Import Request.
  Time since last request: 0.000089 seconds.
  path: Assets/Prefabs/Ghost_Pinky Variant.prefab
  artifactKey: Guid(4298e513ce4a04c97aea84b225c74fdd) Importer(815301076,1909f56bfc062723c751e8b465ee728b)
Start importing Assets/Prefabs/Ghost_Pinky Variant.prefab using Guid(4298e513ce4a04c97aea84b225c74fdd) Importer(815301076,1909f56bfc062723c751e8b465ee728b)  -> (artifact id: 'b14dff3e8f7090f52a487c01a152ddda') in 0.023763 seconds 
========================================================================
Received Import Request.
  Time since last request: 0.000065 seconds.
  path: Assets/Prefabs/Ghost_Inky Variant.prefab
  artifactKey: Guid(d98a0724d105d424683c026f938e6d1e) Importer(815301076,1909f56bfc062723c751e8b465ee728b)
Start importing Assets/Prefabs/Ghost_Inky Variant.prefab using Guid(d98a0724d105d424683c026f938e6d1e) Importer(815301076,1909f56bfc062723c751e8b465ee728b)  -> (artifact id: 'fed8338b8a14cfdd75e1dfab3689db7a') in 0.017928 seconds 
========================================================================
Received Import Request.
  Time since last request: 19.474093 seconds.
  path: Assets/Prefabs/PowerPellet.prefab
  artifactKey: Guid(ada29fe0c6a004240a3975d81c2f2022) Importer(815301076,1909f56bfc062723c751e8b465ee728b)
Start importing Assets/Prefabs/PowerPellet.prefab using Guid(ada29fe0c6a004240a3975d81c2f2022) Importer(815301076,1909f56bfc062723c751e8b465ee728b)  -> (artifact id: '62863acb57b8d373a37368c2084f745e') in 0.017304 seconds 
========================================================================
Received Import Request.
  Time since last request: 4.215472 seconds.
  path: Assets/Prefabs/PowerPellet.prefab
  artifactKey: Guid(ada29fe0c6a004240a3975d81c2f2022) Importer(815301076,1909f56bfc062723c751e8b465ee728b)
Start importing Assets/Prefabs/PowerPellet.prefab using Guid(ada29fe0c6a004240a3975d81c2f2022) Importer(815301076,1909f56bfc062723c751e8b465ee728b)  -> (artifact id: '19448051ec51dbea4702dc23388a9de7') in 0.019322 seconds 
========================================================================
Received Import Request.
  Time since last request: 38.733366 seconds.
  path: Assets/Prefabs/Ghost_Clide Variant.prefab
  artifactKey: Guid(3a2140c53a96d4d56a9c3898bf6e31b2) Importer(815301076,1909f56bfc062723c751e8b465ee728b)
Start importing Assets/Prefabs/Ghost_Clide Variant.prefab using Guid(3a2140c53a96d4d56a9c3898bf6e31b2) Importer(815301076,1909f56bfc062723c751e8b465ee728b)  -> (artifact id: '1b63a49aa4cef94d5c74df02ca341d47') in 0.018649 seconds 
========================================================================
Received Import Request.
  Time since last request: 6.303260 seconds.
  path: Assets/Prefabs/Ghost_Inky Variant.prefab
  artifactKey: Guid(d98a0724d105d424683c026f938e6d1e) Importer(815301076,1909f56bfc062723c751e8b465ee728b)
Start importing Assets/Prefabs/Ghost_Inky Variant.prefab using Guid(d98a0724d105d424683c026f938e6d1e) Importer(815301076,1909f56bfc062723c751e8b465ee728b)  -> (artifact id: 'ec4bc831ea295856aeccf8b9f7d19cef') in 0.020501 seconds 
========================================================================
Received Import Request.
  Time since last request: 8.405071 seconds.
  path: Assets/Prefabs/Ghost_Pinky Variant.prefab
  artifactKey: Guid(4298e513ce4a04c97aea84b225c74fdd) Importer(815301076,1909f56bfc062723c751e8b465ee728b)
Start importing Assets/Prefabs/Ghost_Pinky Variant.prefab using Guid(4298e513ce4a04c97aea84b225c74fdd) Importer(815301076,1909f56bfc062723c751e8b465ee728b)  -> (artifact id: '089879a91e2f64cf2585959147c452d6') in 0.037712 seconds 
========================================================================
Received Prepare
Registering precompiled user dll's ...
Registered in 0.003598 seconds.
Begin MonoManager ReloadAssembly
Symbol file LoadedFromMemory doesn't match image /Users/yevheniihaletynko/Desktop/Pacman2/Pacman/Library/PackageCache/com.unity.visualscripting@1.7.5/Editor/VisualScripting.Core/Dependencies/YamlDotNet/Unity.VisualScripting.YamlDotNet.dll
Symbol file LoadedFromMemory doesn't match image /Users/yevheniihaletynko/Desktop/Pacman2/Pacman/Library/PackageCache/com.unity.visualscripting@1.7.5/Editor/VisualScripting.Core/Dependencies/DotNetZip/Unity.VisualScripting.IonicZip.dll
Native extension for OSXStandalone target not found
Refreshing native plugins compatible for Editor in 0.90 ms, found 3 plugins.
Preloading 0 native plugins for Editor in 0.00 ms.
Mono: successfully reloaded assembly
- Completed reload, in  1.607 seconds
Domain Reload Profiling:
	ReloadAssembly (1608ms)
		BeginReloadAssembly (188ms)
			ExecutionOrderSort (0ms)
			DisableScriptedObjects (10ms)
			BackupInstance (0ms)
			ReleaseScriptingObjects (0ms)
			CreateAndSetChildDomain (83ms)
		EndReloadAssembly (1284ms)
			LoadAssemblies (89ms)
			RebuildTransferFunctionScriptingTraits (0ms)
			SetupTypeCache (372ms)
			ReleaseScriptCaches (2ms)
			RebuildScriptCaches (71ms)
			SetupLoadedEditorAssemblies (573ms)
				LogAssemblyErrors (0ms)
				InitializePlatformSupportModulesInManaged (11ms)
				SetLoadedEditorAssemblies (1ms)
				RefreshPlugins (1ms)
				BeforeProcessingInitializeOnLoad (77ms)
				ProcessInitializeOnLoadAttributes (435ms)
				ProcessInitializeOnLoadMethodAttributes (46ms)
				AfterProcessingInitializeOnLoad (2ms)
				EditorAssembliesLoaded (0ms)
			ExecutionOrderSort2 (0ms)
			AwakeInstancesAfterBackupRestoration (9ms)
Platform modules already initialized, skipping
Refreshing native plugins compatible for Editor in 0.82 ms, found 3 plugins.
Preloading 0 native plugins for Editor in 0.00 ms.
Unloading 3899 Unused Serialized files (Serialized files now loaded: 0)
Unloading 32 unused Assets / (174.4 KB). Loaded Objects now: 4366.
Memory consumption went from 290.2 MB to 290.0 MB.
Total: 4.945804 ms (FindLiveObjects: 0.418072 ms CreateObjectMapping: 0.356411 ms MarkObjects: 4.014405 ms  DeleteObjects: 0.155971 ms)

AssetImportParameters requested are different than current active one (requested -> active):
  custom:video-decoder-ogg-theora: a1e56fd34408186e4bbccfd4996cb3dc -> 
  custom:container-muxer-webm: aa71ff27fc2769a1b78a27578f13a17b -> 
  custom:container-demuxer-webm: 4f35f7cbe854078d1ac9338744f61a02 -> 
  custom:video-encoder-webm-vp8: eb34c28f22e8b96e1ab97ce403110664 -> 
  custom:framework-osx-AVFoundation: e770b220cccbd017edd2c1fefb359320 -> 
  custom:audio-encoder-webm-vorbis: bf7c407c2cedff20999df2af8eb42d56 -> 
  custom:container-demuxer-ogg: 62fdf1f143b41e24485cea50d1cbac27 -> 
  custom:video-decoder-webm-vp8: 9c59270c3fd7afecdb556c50c9e8de78 -> 
  custom:audio-decoder-ogg-vorbis: bf7c407c2cedff20999df2af8eb42d56 -> 
========================================================================
Received Import Request.
  Time since last request: 155.999739 seconds.
  path: Assets/Animation/Ghost_Base.controller
  artifactKey: Guid(427090fb4e855420bb6edccbbe1b662b) Importer(815301076,1909f56bfc062723c751e8b465ee728b)
Start importing Assets/Animation/Ghost_Base.controller using Guid(427090fb4e855420bb6edccbbe1b662b) Importer(815301076,1909f56bfc062723c751e8b465ee728b)  -> (artifact id: '99c3882150a4ea68115ef680f9a32434') in 0.039135 seconds 
========================================================================
Received Prepare
Registering precompiled user dll's ...
Registered in 0.003394 seconds.
Begin MonoManager ReloadAssembly
Symbol file LoadedFromMemory doesn't match image /Users/yevheniihaletynko/Desktop/Pacman2/Pacman/Library/PackageCache/com.unity.visualscripting@1.7.5/Editor/VisualScripting.Core/Dependencies/YamlDotNet/Unity.VisualScripting.YamlDotNet.dll
Symbol file LoadedFromMemory doesn't match image /Users/yevheniihaletynko/Desktop/Pacman2/Pacman/Library/PackageCache/com.unity.visualscripting@1.7.5/Editor/VisualScripting.Core/Dependencies/DotNetZip/Unity.VisualScripting.IonicZip.dll
Native extension for OSXStandalone target not found
Refreshing native plugins compatible for Editor in 0.85 ms, found 3 plugins.
Preloading 0 native plugins for Editor in 0.00 ms.
Mono: successfully reloaded assembly
- Completed reload, in  1.515 seconds
Domain Reload Profiling:
	ReloadAssembly (1516ms)
		BeginReloadAssembly (163ms)
			ExecutionOrderSort (0ms)
			DisableScriptedObjects (9ms)
			BackupInstance (0ms)
			ReleaseScriptingObjects (0ms)
			CreateAndSetChildDomain (74ms)
		EndReloadAssembly (1234ms)
			LoadAssemblies (82ms)
			RebuildTransferFunctionScriptingTraits (0ms)
			SetupTypeCache (342ms)
			ReleaseScriptCaches (1ms)
			RebuildScriptCaches (66ms)
			SetupLoadedEditorAssemblies (568ms)
				LogAssemblyErrors (0ms)
				InitializePlatformSupportModulesInManaged (12ms)
				SetLoadedEditorAssemblies (1ms)
				RefreshPlugins (1ms)
				BeforeProcessingInitializeOnLoad (77ms)
				ProcessInitializeOnLoadAttributes (434ms)
				ProcessInitializeOnLoadMethodAttributes (42ms)
				AfterProcessingInitializeOnLoad (2ms)
				EditorAssembliesLoaded (0ms)
			ExecutionOrderSort2 (0ms)
			AwakeInstancesAfterBackupRestoration (8ms)
Platform modules already initialized, skipping
Refreshing native plugins compatible for Editor in 0.68 ms, found 3 plugins.
Preloading 0 native plugins for Editor in 0.00 ms.
Unloading 3899 Unused Serialized files (Serialized files now loaded: 0)
Unloading 32 unused Assets / (174.5 KB). Loaded Objects now: 4368.
Memory consumption went from 290.5 MB to 290.3 MB.
Total: 4.347888 ms (FindLiveObjects: 0.347982 ms CreateObjectMapping: 0.209589 ms MarkObjects: 3.632634 ms  DeleteObjects: 0.156743 ms)

AssetImportParameters requested are different than current active one (requested -> active):
  custom:video-decoder-ogg-theora: a1e56fd34408186e4bbccfd4996cb3dc -> 
  custom:container-muxer-webm: aa71ff27fc2769a1b78a27578f13a17b -> 
  custom:container-demuxer-webm: 4f35f7cbe854078d1ac9338744f61a02 -> 
  custom:video-encoder-webm-vp8: eb34c28f22e8b96e1ab97ce403110664 -> 
  custom:framework-osx-AVFoundation: e770b220cccbd017edd2c1fefb359320 -> 
  custom:audio-encoder-webm-vorbis: bf7c407c2cedff20999df2af8eb42d56 -> 
  custom:container-demuxer-ogg: 62fdf1f143b41e24485cea50d1cbac27 -> 
  custom:video-decoder-webm-vp8: 9c59270c3fd7afecdb556c50c9e8de78 -> 
  custom:audio-decoder-ogg-vorbis: bf7c407c2cedff20999df2af8eb42d56 -> 
========================================================================
Received Import Request.
  Time since last request: 67.744658 seconds.
  path: Assets/Scripts/GhostHome.cs
  artifactKey: Guid(dadaa34d544bd47489cb53f57a6e15fa) Importer(815301076,1909f56bfc062723c751e8b465ee728b)
Start importing Assets/Scripts/GhostHome.cs using Guid(dadaa34d544bd47489cb53f57a6e15fa) Importer(815301076,1909f56bfc062723c751e8b465ee728b)  -> (artifact id: '09cfe171699c08d02f9bd798f843052f') in 2.460121 seconds 
========================================================================
Received Import Request.
  Time since last request: 0.000074 seconds.
  path: Assets/Scripts/Movement.cs
  artifactKey: Guid(e00369a4650894da9bd56f421a7ea62a) Importer(815301076,1909f56bfc062723c751e8b465ee728b)
Start importing Assets/Scripts/Movement.cs using Guid(e00369a4650894da9bd56f421a7ea62a) Importer(815301076,1909f56bfc062723c751e8b465ee728b)  -> (artifact id: '8b8ac2a1ccd32df491c50c612963a02c') in 0.001428 seconds 
========================================================================
Received Import Request.
  Time since last request: 0.000070 seconds.
  path: Assets/Scripts/PacmanMove.cs
  artifactKey: Guid(28acbfb2eb5b147d590523a4bbfbfa06) Importer(815301076,1909f56bfc062723c751e8b465ee728b)
Start importing Assets/Scripts/PacmanMove.cs using Guid(28acbfb2eb5b147d590523a4bbfbfa06) Importer(815301076,1909f56bfc062723c751e8b465ee728b)  -> (artifact id: 'c2f09b097a867b82f459e5aeff0e3a39') in 0.001339 seconds 
========================================================================
Received Import Request.
  Time since last request: 16.273639 seconds.
  path: Assets/Tiles/Tile_Palette.prefab
  artifactKey: Guid(f90b68ab6d9a843d4b3c112b6b11ac98) Importer(815301076,1909f56bfc062723c751e8b465ee728b)
Start importing Assets/Tiles/Tile_Palette.prefab using Guid(f90b68ab6d9a843d4b3c112b6b11ac98) Importer(815301076,1909f56bfc062723c751e8b465ee728b)  -> (artifact id: 'd3a06d64a4ee3e59e5942dfbbcc47586') in 0.132198 seconds 
========================================================================
Received Import Request.
  Time since last request: 7.972634 seconds.
  path: ProjectSettings/TagManager.asset
  artifactKey: Guid(00000000000000003000000000000000) Importer(815301076,1909f56bfc062723c751e8b465ee728b)
Start importing ProjectSettings/TagManager.asset using Guid(00000000000000003000000000000000) Importer(815301076,1909f56bfc062723c751e8b465ee728b)  -> (artifact id: '2929dbb3a21976c8ff17adbac26e7b24') in 0.007408 seconds 
========================================================================
Received Import Request.
  Time since last request: 13.111224 seconds.
  path: Assets/Prefabs/PowerPellet.prefab
  artifactKey: Guid(ada29fe0c6a004240a3975d81c2f2022) Importer(815301076,1909f56bfc062723c751e8b465ee728b)
Start importing Assets/Prefabs/PowerPellet.prefab using Guid(ada29fe0c6a004240a3975d81c2f2022) Importer(815301076,1909f56bfc062723c751e8b465ee728b)  -> (artifact id: '8363a985568603df35a60c30b9882370') in 0.013369 seconds 
========================================================================
Received Import Request.
  Time since last request: 29.648056 seconds.
  path: Assets/Prefabs/Ghost_Base.prefab
  artifactKey: Guid(9d718202a33704edcb58a1decf06805c) Importer(815301076,1909f56bfc062723c751e8b465ee728b)
Start importing Assets/Prefabs/Ghost_Base.prefab using Guid(9d718202a33704edcb58a1decf06805c) Importer(815301076,1909f56bfc062723c751e8b465ee728b)  -> (artifact id: '0cf9050424212bd166a83291854e243d') in 0.031042 seconds 
========================================================================
Received Import Request.
  Time since last request: 0.000093 seconds.
  path: Assets/Prefabs/Ghost_Clide Variant.prefab
  artifactKey: Guid(3a2140c53a96d4d56a9c3898bf6e31b2) Importer(815301076,1909f56bfc062723c751e8b465ee728b)
Start importing Assets/Prefabs/Ghost_Clide Variant.prefab using Guid(3a2140c53a96d4d56a9c3898bf6e31b2) Importer(815301076,1909f56bfc062723c751e8b465ee728b)  -> (artifact id: '3e72a260b36c648ddd7784fca9ce0515') in 0.024050 seconds 
========================================================================
Received Import Request.
  Time since last request: 0.000107 seconds.
  path: Assets/Prefabs/Ghost_Pinky Variant.prefab
  artifactKey: Guid(4298e513ce4a04c97aea84b225c74fdd) Importer(815301076,1909f56bfc062723c751e8b465ee728b)
Start importing Assets/Prefabs/Ghost_Pinky Variant.prefab using Guid(4298e513ce4a04c97aea84b225c74fdd) Importer(815301076,1909f56bfc062723c751e8b465ee728b)  -> (artifact id: '4a42f4c682e1283bf62f5158f722484c') in 0.015731 seconds 
========================================================================
Received Import Request.
  Time since last request: 0.000055 seconds.
  path: Assets/Prefabs/Ghost_Inky Variant.prefab
  artifactKey: Guid(d98a0724d105d424683c026f938e6d1e) Importer(815301076,1909f56bfc062723c751e8b465ee728b)
Start importing Assets/Prefabs/Ghost_Inky Variant.prefab using Guid(d98a0724d105d424683c026f938e6d1e) Importer(815301076,1909f56bfc062723c751e8b465ee728b)  -> (artifact id: 'b0a390c1d43bc288ed911ed396bf08f9') in 0.012822 seconds 
========================================================================
Received Prepare
Registering precompiled user dll's ...
Registered in 0.003330 seconds.
Begin MonoManager ReloadAssembly
Symbol file LoadedFromMemory doesn't match image /Users/yevheniihaletynko/Desktop/Pacman2/Pacman/Library/PackageCache/com.unity.visualscripting@1.7.5/Editor/VisualScripting.Core/Dependencies/YamlDotNet/Unity.VisualScripting.YamlDotNet.dll
Symbol file LoadedFromMemory doesn't match image /Users/yevheniihaletynko/Desktop/Pacman2/Pacman/Library/PackageCache/com.unity.visualscripting@1.7.5/Editor/VisualScripting.Core/Dependencies/DotNetZip/Unity.VisualScripting.IonicZip.dll
Native extension for OSXStandalone target not found
Refreshing native plugins compatible for Editor in 0.84 ms, found 3 plugins.
Preloading 0 native plugins for Editor in 0.00 ms.
Mono: successfully reloaded assembly
- Completed reload, in  1.553 seconds
Domain Reload Profiling:
	ReloadAssembly (1554ms)
		BeginReloadAssembly (174ms)
			ExecutionOrderSort (0ms)
			DisableScriptedObjects (9ms)
			BackupInstance (0ms)
			ReleaseScriptingObjects (0ms)
			CreateAndSetChildDomain (84ms)
		EndReloadAssembly (1247ms)
			LoadAssemblies (82ms)
			RebuildTransferFunctionScriptingTraits (0ms)
			SetupTypeCache (360ms)
			ReleaseScriptCaches (2ms)
			RebuildScriptCaches (69ms)
			SetupLoadedEditorAssemblies (566ms)
				LogAssemblyErrors (0ms)
				InitializePlatformSupportModulesInManaged (11ms)
				SetLoadedEditorAssemblies (1ms)
				RefreshPlugins (1ms)
				BeforeProcessingInitializeOnLoad (79ms)
				ProcessInitializeOnLoadAttributes (429ms)
				ProcessInitializeOnLoadMethodAttributes (44ms)
				AfterProcessingInitializeOnLoad (2ms)
				EditorAssembliesLoaded (0ms)
			ExecutionOrderSort2 (0ms)
			AwakeInstancesAfterBackupRestoration (8ms)
Platform modules already initialized, skipping
Refreshing native plugins compatible for Editor in 0.71 ms, found 3 plugins.
Preloading 0 native plugins for Editor in 0.00 ms.
Unloading 3899 Unused Serialized files (Serialized files now loaded: 0)
Unloading 33 unused Assets / (174.6 KB). Loaded Objects now: 4370.
Memory consumption went from 295.1 MB to 294.9 MB.
Total: 4.558259 ms (FindLiveObjects: 0.415704 ms CreateObjectMapping: 0.293414 ms MarkObjects: 3.701919 ms  DeleteObjects: 0.146272 ms)

AssetImportParameters requested are different than current active one (requested -> active):
  custom:video-decoder-ogg-theora: a1e56fd34408186e4bbccfd4996cb3dc -> 
  custom:container-muxer-webm: aa71ff27fc2769a1b78a27578f13a17b -> 
  custom:container-demuxer-webm: 4f35f7cbe854078d1ac9338744f61a02 -> 
  custom:video-encoder-webm-vp8: eb34c28f22e8b96e1ab97ce403110664 -> 
  custom:framework-osx-AVFoundation: e770b220cccbd017edd2c1fefb359320 -> 
  custom:audio-encoder-webm-vorbis: bf7c407c2cedff20999df2af8eb42d56 -> 
  custom:container-demuxer-ogg: 62fdf1f143b41e24485cea50d1cbac27 -> 
  custom:video-decoder-webm-vp8: 9c59270c3fd7afecdb556c50c9e8de78 -> 
  custom:audio-decoder-ogg-vorbis: bf7c407c2cedff20999df2af8eb42d56 -> 
========================================================================
Received Import Request.
  Time since last request: 65.192456 seconds.
  path: Assets/Tiles/Tile_Palette.prefab
  artifactKey: Guid(f90b68ab6d9a843d4b3c112b6b11ac98) Importer(815301076,1909f56bfc062723c751e8b465ee728b)
Start importing Assets/Tiles/Tile_Palette.prefab using Guid(f90b68ab6d9a843d4b3c112b6b11ac98) Importer(815301076,1909f56bfc062723c751e8b465ee728b)  -> (artifact id: 'e28c5eeade4d16191bd5549656725219') in 0.133890 seconds 
========================================================================
Received Prepare
Registering precompiled user dll's ...
Registered in 0.003238 seconds.
Begin MonoManager ReloadAssembly
Symbol file LoadedFromMemory doesn't match image /Users/yevheniihaletynko/Desktop/Pacman2/Pacman/Library/PackageCache/com.unity.visualscripting@1.7.5/Editor/VisualScripting.Core/Dependencies/YamlDotNet/Unity.VisualScripting.YamlDotNet.dll
Symbol file LoadedFromMemory doesn't match image /Users/yevheniihaletynko/Desktop/Pacman2/Pacman/Library/PackageCache/com.unity.visualscripting@1.7.5/Editor/VisualScripting.Core/Dependencies/DotNetZip/Unity.VisualScripting.IonicZip.dll
Native extension for OSXStandalone target not found
Refreshing native plugins compatible for Editor in 0.90 ms, found 3 plugins.
Preloading 0 native plugins for Editor in 0.00 ms.
Mono: successfully reloaded assembly
- Completed reload, in  1.555 seconds
Domain Reload Profiling:
	ReloadAssembly (1556ms)
		BeginReloadAssembly (160ms)
			ExecutionOrderSort (0ms)
			DisableScriptedObjects (8ms)
			BackupInstance (0ms)
			ReleaseScriptingObjects (0ms)
			CreateAndSetChildDomain (78ms)
		EndReloadAssembly (1273ms)
			LoadAssemblies (76ms)
			RebuildTransferFunctionScriptingTraits (0ms)
			SetupTypeCache (355ms)
			ReleaseScriptCaches (2ms)
			RebuildScriptCaches (75ms)
			SetupLoadedEditorAssemblies (579ms)
				LogAssemblyErrors (0ms)
				InitializePlatformSupportModulesInManaged (12ms)
				SetLoadedEditorAssemblies (1ms)
				RefreshPlugins (1ms)
				BeforeProcessingInitializeOnLoad (84ms)
				ProcessInitializeOnLoadAttributes (431ms)
				ProcessInitializeOnLoadMethodAttributes (47ms)
				AfterProcessingInitializeOnLoad (2ms)
				EditorAssembliesLoaded (0ms)
			ExecutionOrderSort2 (0ms)
			AwakeInstancesAfterBackupRestoration (8ms)
Platform modules already initialized, skipping
Refreshing native plugins compatible for Editor in 0.84 ms, found 3 plugins.
Preloading 0 native plugins for Editor in 0.00 ms.
Unloading 3899 Unused Serialized files (Serialized files now loaded: 0)
Unloading 32 unused Assets / (175.0 KB). Loaded Objects now: 4372.
Memory consumption went from 295.3 MB to 295.2 MB.
Total: 4.973506 ms (FindLiveObjects: 0.404308 ms CreateObjectMapping: 0.367150 ms MarkObjects: 3.996269 ms  DeleteObjects: 0.204571 ms)

AssetImportParameters requested are different than current active one (requested -> active):
  custom:video-decoder-ogg-theora: a1e56fd34408186e4bbccfd4996cb3dc -> 
  custom:container-muxer-webm: aa71ff27fc2769a1b78a27578f13a17b -> 
  custom:container-demuxer-webm: 4f35f7cbe854078d1ac9338744f61a02 -> 
  custom:video-encoder-webm-vp8: eb34c28f22e8b96e1ab97ce403110664 -> 
  custom:framework-osx-AVFoundation: e770b220cccbd017edd2c1fefb359320 -> 
  custom:audio-encoder-webm-vorbis: bf7c407c2cedff20999df2af8eb42d56 -> 
  custom:container-demuxer-ogg: 62fdf1f143b41e24485cea50d1cbac27 -> 
  custom:video-decoder-webm-vp8: 9c59270c3fd7afecdb556c50c9e8de78 -> 
  custom:audio-decoder-ogg-vorbis: bf7c407c2cedff20999df2af8eb42d56 -> 
========================================================================
Received Prepare
Registering precompiled user dll's ...
Registered in 0.003730 seconds.
Begin MonoManager ReloadAssembly
Symbol file LoadedFromMemory doesn't match image /Users/yevheniihaletynko/Desktop/Pacman2/Pacman/Library/PackageCache/com.unity.visualscripting@1.7.5/Editor/VisualScripting.Core/Dependencies/YamlDotNet/Unity.VisualScripting.YamlDotNet.dll
Symbol file LoadedFromMemory doesn't match image /Users/yevheniihaletynko/Desktop/Pacman2/Pacman/Library/PackageCache/com.unity.visualscripting@1.7.5/Editor/VisualScripting.Core/Dependencies/DotNetZip/Unity.VisualScripting.IonicZip.dll
Native extension for OSXStandalone target not found
Refreshing native plugins compatible for Editor in 0.91 ms, found 3 plugins.
Preloading 0 native plugins for Editor in 0.00 ms.
Mono: successfully reloaded assembly
- Completed reload, in  1.519 seconds
Domain Reload Profiling:
	ReloadAssembly (1520ms)
		BeginReloadAssembly (163ms)
			ExecutionOrderSort (0ms)
			DisableScriptedObjects (10ms)
			BackupInstance (0ms)
			ReleaseScriptingObjects (0ms)
			CreateAndSetChildDomain (74ms)
		EndReloadAssembly (1234ms)
			LoadAssemblies (81ms)
			RebuildTransferFunctionScriptingTraits (0ms)
			SetupTypeCache (359ms)
			ReleaseScriptCaches (2ms)
			RebuildScriptCaches (67ms)
			SetupLoadedEditorAssemblies (553ms)
				LogAssemblyErrors (0ms)
				InitializePlatformSupportModulesInManaged (10ms)
				SetLoadedEditorAssemblies (1ms)
				RefreshPlugins (1ms)
				BeforeProcessingInitializeOnLoad (76ms)
				ProcessInitializeOnLoadAttributes (419ms)
				ProcessInitializeOnLoadMethodAttributes (45ms)
				AfterProcessingInitializeOnLoad (2ms)
				EditorAssembliesLoaded (0ms)
			ExecutionOrderSort2 (0ms)
			AwakeInstancesAfterBackupRestoration (9ms)
Platform modules already initialized, skipping
Refreshing native plugins compatible for Editor in 0.66 ms, found 3 plugins.
Preloading 0 native plugins for Editor in 0.00 ms.
Unloading 3899 Unused Serialized files (Serialized files now loaded: 0)
Unloading 32 unused Assets / (174.4 KB). Loaded Objects now: 4374.
Memory consumption went from 295.6 MB to 295.4 MB.
Total: 4.102019 ms (FindLiveObjects: 0.362347 ms CreateObjectMapping: 0.229850 ms MarkObjects: 3.365468 ms  DeleteObjects: 0.143602 ms)

AssetImportParameters requested are different than current active one (requested -> active):
  custom:video-decoder-ogg-theora: a1e56fd34408186e4bbccfd4996cb3dc -> 
  custom:container-muxer-webm: aa71ff27fc2769a1b78a27578f13a17b -> 
  custom:container-demuxer-webm: 4f35f7cbe854078d1ac9338744f61a02 -> 
  custom:video-encoder-webm-vp8: eb34c28f22e8b96e1ab97ce403110664 -> 
  custom:framework-osx-AVFoundation: e770b220cccbd017edd2c1fefb359320 -> 
  custom:audio-encoder-webm-vorbis: bf7c407c2cedff20999df2af8eb42d56 -> 
  custom:container-demuxer-ogg: 62fdf1f143b41e24485cea50d1cbac27 -> 
  custom:video-decoder-webm-vp8: 9c59270c3fd7afecdb556c50c9e8de78 -> 
  custom:audio-decoder-ogg-vorbis: bf7c407c2cedff20999df2af8eb42d56 -> 
========================================================================
Received Import Request.
  Time since last request: 135.399395 seconds.
  path: Assets/Animation/Pacman.controller
  artifactKey: Guid(e6103b586815642e18500ac8056aef8a) Importer(815301076,1909f56bfc062723c751e8b465ee728b)
Start importing Assets/Animation/Pacman.controller using Guid(e6103b586815642e18500ac8056aef8a) Importer(815301076,1909f56bfc062723c751e8b465ee728b)  -> (artifact id: 'e00bea426d0998ae27294b8e1473e8a0') in 0.035757 seconds 
========================================================================
Received Prepare
Registering precompiled user dll's ...
Registered in 0.003590 seconds.
Begin MonoManager ReloadAssembly
Symbol file LoadedFromMemory doesn't match image /Users/yevheniihaletynko/Desktop/Pacman2/Pacman/Library/PackageCache/com.unity.visualscripting@1.7.5/Editor/VisualScripting.Core/Dependencies/YamlDotNet/Unity.VisualScripting.YamlDotNet.dll
Symbol file LoadedFromMemory doesn't match image /Users/yevheniihaletynko/Desktop/Pacman2/Pacman/Library/PackageCache/com.unity.visualscripting@1.7.5/Editor/VisualScripting.Core/Dependencies/DotNetZip/Unity.VisualScripting.IonicZip.dll
Native extension for OSXStandalone target not found
Refreshing native plugins compatible for Editor in 1.04 ms, found 3 plugins.
Preloading 0 native plugins for Editor in 0.00 ms.
Mono: successfully reloaded assembly
- Completed reload, in  1.549 seconds
Domain Reload Profiling:
	ReloadAssembly (1550ms)
		BeginReloadAssembly (160ms)
			ExecutionOrderSort (0ms)
			DisableScriptedObjects (9ms)
			BackupInstance (0ms)
			ReleaseScriptingObjects (0ms)
			CreateAndSetChildDomain (74ms)
		EndReloadAssembly (1266ms)
			LoadAssemblies (80ms)
			RebuildTransferFunctionScriptingTraits (0ms)
			SetupTypeCache (351ms)
			ReleaseScriptCaches (2ms)
			RebuildScriptCaches (71ms)
			SetupLoadedEditorAssemblies (579ms)
				LogAssemblyErrors (0ms)
				InitializePlatformSupportModulesInManaged (12ms)
				SetLoadedEditorAssemblies (1ms)
				RefreshPlugins (1ms)
				BeforeProcessingInitializeOnLoad (82ms)
				ProcessInitializeOnLoadAttributes (435ms)
				ProcessInitializeOnLoadMethodAttributes (45ms)
				AfterProcessingInitializeOnLoad (2ms)
				EditorAssembliesLoaded (0ms)
			ExecutionOrderSort2 (0ms)
			AwakeInstancesAfterBackupRestoration (8ms)
Platform modules already initialized, skipping
Refreshing native plugins compatible for Editor in 0.72 ms, found 3 plugins.
Preloading 0 native plugins for Editor in 0.00 ms.
Unloading 3899 Unused Serialized files (Serialized files now loaded: 0)
Unloading 32 unused Assets / (174.5 KB). Loaded Objects now: 4376.
Memory consumption went from 295.9 MB to 295.7 MB.
Total: 4.603779 ms (FindLiveObjects: 0.340605 ms CreateObjectMapping: 0.221579 ms MarkObjects: 3.892554 ms  DeleteObjects: 0.148006 ms)

AssetImportParameters requested are different than current active one (requested -> active):
  custom:video-decoder-ogg-theora: a1e56fd34408186e4bbccfd4996cb3dc -> 
  custom:container-muxer-webm: aa71ff27fc2769a1b78a27578f13a17b -> 
  custom:container-demuxer-webm: 4f35f7cbe854078d1ac9338744f61a02 -> 
  custom:video-encoder-webm-vp8: eb34c28f22e8b96e1ab97ce403110664 -> 
  custom:framework-osx-AVFoundation: e770b220cccbd017edd2c1fefb359320 -> 
  custom:audio-encoder-webm-vorbis: bf7c407c2cedff20999df2af8eb42d56 -> 
  custom:container-demuxer-ogg: 62fdf1f143b41e24485cea50d1cbac27 -> 
  custom:video-decoder-webm-vp8: 9c59270c3fd7afecdb556c50c9e8de78 -> 
  custom:audio-decoder-ogg-vorbis: bf7c407c2cedff20999df2af8eb42d56 -> 
========================================================================
Received Import Request.
  Time since last request: 42.796593 seconds.
  path: Assets/Prefabs/Ghost_Base.prefab
  artifactKey: Guid(9d718202a33704edcb58a1decf06805c) Importer(815301076,1909f56bfc062723c751e8b465ee728b)
Start importing Assets/Prefabs/Ghost_Base.prefab using Guid(9d718202a33704edcb58a1decf06805c) Importer(815301076,1909f56bfc062723c751e8b465ee728b)  -> (artifact id: 'c218ce54158baa0da84664452b7dc00e') in 0.089919 seconds 
========================================================================
Received Import Request.
  Time since last request: 0.000080 seconds.
  path: Assets/Prefabs/Ghost_Clide Variant.prefab
  artifactKey: Guid(3a2140c53a96d4d56a9c3898bf6e31b2) Importer(815301076,1909f56bfc062723c751e8b465ee728b)
Start importing Assets/Prefabs/Ghost_Clide Variant.prefab using Guid(3a2140c53a96d4d56a9c3898bf6e31b2) Importer(815301076,1909f56bfc062723c751e8b465ee728b)  -> (artifact id: '0b1cd39eeae13a859f15971f0b964559') in 0.043017 seconds 
========================================================================
Received Import Request.
  Time since last request: 0.000076 seconds.
  path: Assets/Prefabs/Ghost_Inky Variant.prefab
  artifactKey: Guid(d98a0724d105d424683c026f938e6d1e) Importer(815301076,1909f56bfc062723c751e8b465ee728b)
Start importing Assets/Prefabs/Ghost_Inky Variant.prefab using Guid(d98a0724d105d424683c026f938e6d1e) Importer(815301076,1909f56bfc062723c751e8b465ee728b)  -> (artifact id: 'd4db199509579b249f5684c58217c426') in 0.016297 seconds 
